INFO:discord.client:logging in using static token
DEBUG:discord.http:GET https://discord.com/api/v7/users/@me with None has returned 200
DEBUG:discord.http:GET https://discord.com/api/v7/users/@me has received {'id': '985169327508553738', 'username': 'TP4_ python', 'avatar': None, 'avatar_decoration': None, 'discriminator': '3303', 'public_flags': 0, 'flags': 0, 'bot': True, 'banner': None, 'banner_color': None, 'accent_color': None, 'bio': '', 'pronouns': '', 'locale': 'en-US', 'mfa_enabled': False, 'email': None, 'verified': True}
DEBUG:discord.http:GET https://discord.com/api/v7/gateway with None has returned 200
DEBUG:discord.http:GET https://discord.com/api/v7/gateway has received {'url': 'wss://gateway.discord.gg'}
DEBUG:discord.gateway:Created websocket connected to wss://gateway.discord.gg?encoding=json&v=6&compress=zlib-stream
DEBUG:discord.client:Dispatching event socket_raw_receive
DEBUG:discord.gateway:For Shard ID None: WebSocket Event: {'t': None, 's': None, 'op': 10, 'd': {'heartbeat_interval': 41250, '_trace': ['["gateway-prd-main-zk29",{"micros":0.0}]']}}
DEBUG:discord.client:Dispatching event socket_response
DEBUG:discord.client:Dispatching event socket_raw_send
DEBUG:discord.client:Dispatching event socket_raw_send
INFO:discord.gateway:Shard ID None has sent the IDENTIFY payload.
DEBUG:discord.client:Dispatching event socket_raw_receive
DEBUG:discord.gateway:For Shard ID None: WebSocket Event: {'t': None, 's': None, 'op': 11, 'd': None}
DEBUG:discord.client:Dispatching event socket_response
DEBUG:discord.client:Dispatching event socket_raw_receive
DEBUG:discord.gateway:For Shard ID None: WebSocket Event: {'t': 'READY', 's': 1, 'op': 0, 'd': {'v': 6, 'user_settings': {}, 'user': {'verified': True, 'username': 'TP4_ python', 'mfa_enabled': False, 'id': '985169327508553738', 'flags': 0, 'email': None, 'discriminator': '3303', 'bot': True, 'avatar': None}, 'session_type': 'normal', 'session_id': 'fd534ccc5c7a71e3103f616bf5bc38ee', 'relationships': [], 'private_channels': [], 'presences': [], 'guilds': [{'unavailable': True, 'id': '985169876324868177'}], 'guild_join_requests': [], 'geo_ordered_rtc_regions': ['rotterdam', 'milan', 'madrid', 'stockholm', 'bucharest'], 'application': {'id': '985169327508553738', 'flags': 262144}, '_trace': ['["gateway-prd-main-zk29",{"micros":58664,"calls":["discord-sessions-green-prd-2-155",{"micros":57982,"calls":["start_session",{"micros":42197,"calls":["discord-api-768499f95b-lzddk",{"micros":37780,"calls":["get_user",{"micros":7176},"add_authorized_ip",{"micros":1597},"get_guilds",{"micros":4986},"coros_wait",{"micros":1}]}]},"guilds_connect",{"micros":1,"calls":[]},"presence_connect",{"micros":15114,"calls":[]}]}]}]']}}
DEBUG:discord.client:Dispatching event socket_response
INFO:discord.gateway:Shard ID None has connected to Gateway: ["gateway-prd-main-zk29",{"micros":58664,"calls":["discord-sessions-green-prd-2-155",{"micros":57982,"calls":["start_session",{"micros":42197,"calls":["discord-api-768499f95b-lzddk",{"micros":37780,"calls":["get_user",{"micros":7176},"add_authorized_ip",{"micros":1597},"get_guilds",{"micros":4986},"coros_wait",{"micros":1}]}]},"guilds_connect",{"micros":1,"calls":[]},"presence_connect",{"micros":15114,"calls":[]}]}]}] (Session ID: fd534ccc5c7a71e3103f616bf5bc38ee).
DEBUG:discord.client:Dispatching event connect
DEBUG:discord.client:Dispatching event socket_raw_receive
DEBUG:discord.gateway:For Shard ID None: WebSocket Event: {'t': 'GUILD_CREATE', 's': 2, 'op': 0, 'd': {'owner_id': '360865610348888065', 'hub_type': None, 'channels': [{'type': 4, 'position': 0, 'permission_overwrites': [], 'name': 'Text Channels', 'id': '985169876324868178', 'flags': 0}, {'type': 4, 'position': 0, 'permission_overwrites': [], 'name': 'Voice Channels', 'id': '985169876324868179', 'flags': 0}, {'type': 0, 'topic': None, 'rate_limit_per_user': 0, 'position': 0, 'permission_overwrites': [], 'parent_id': '985169876324868178', 'name': 'general', 'last_message_id': '985232521245626428', 'id': '985169876324868180', 'flags': 0}, {'user_limit': 0, 'type': 2, 'rtc_region': None, 'rate_limit_per_user': 0, 'position': 0, 'permission_overwrites': [], 'parent_id': '985169876324868179', 'name': 'General', 'last_message_id': None, 'id': '985169876324868181', 'flags': 0, 'bitrate': 64000}], 'name': 'TP4_python bot', 'explicit_content_filter': 0, 'banner': None, 'icon': None, 'system_channel_id': '985169876324868180', 'emojis': [], 'max_video_channel_users': 25, 'mfa_level': 0, 'voice_states': [], 'nsfw': False, 'public_updates_channel_id': None, 'preferred_locale': 'en-US', 'presences': [], 'rules_channel_id': None, 'embedded_activities': [], 'premium_progress_bar_enabled': False, 'unavailable': False, 'discovery_splash': None, 'lazy': True, 'members': [{'user': {'username': 'TP4_ python', 'id': '985169327508553738', 'discriminator': '3303', 'bot': True, 'avatar': None}, 'roles': ['985170012459368469'], 'premium_since': None, 'pending': False, 'nick': None, 'mute': False, 'joined_at': '2022-06-11T13:13:54.569654+00:00', 'hoisted_role': None, 'flags': 0, 'deaf': False, 'communication_disabled_until': None, 'avatar': None}], 'application_id': None, 'system_channel_flags': 0, 'max_members': 500000, 'roles': [{'unicode_emoji': None, 'tags': {}, 'position': 0, 'permissions_new': '1071698660929', 'permissions': 104320577, 'name': '@everyone', 'mentionable': False, 'managed': False, 'id': '985169876324868177', 'icon': None, 'hoist': False, 'flags': 0, 'color': 0}, {'unicode_emoji': None, 'tags': {'bot_id': '985169327508553738'}, 'position': 1, 'permissions_new': '8', 'permissions': 8, 'name': 'TP4_ python', 'mentionable': False, 'managed': True, 'id': '985170012459368469', 'icon': None, 'hoist': False, 'flags': 0, 'color': 0}], 'member_count': 2, 'threads': [], 'afk_channel_id': None, 'default_message_notifications': 0, 'guild_scheduled_events': [], 'stage_instances': [], 'region': 'deprecated', 'premium_tier': 0, 'vanity_url_code': None, 'application_command_counts': {}, 'id': '985169876324868177', 'description': None, 'verification_level': 0, 'splash': None, 'joined_at': '2022-06-11T13:13:54.569654+00:00', 'stickers': [], 'premium_subscription_count': 0, 'nsfw_level': 0, 'features': [], 'afk_timeout': 300, 'guild_hashes': {'version': 1, 'roles': {'omitted': False, 'hash': 'bPE5qVrrfVg'}, 'metadata': {'omitted': False, 'hash': '5hRB91JO+UU'}, 'channels': {'omitted': False, 'hash': 'fpNVw6XQOIE'}}, 'large': False}}
DEBUG:discord.client:Dispatching event socket_response
DEBUG:discord.client:Dispatching event guild_available
DEBUG:discord.client:Dispatching event ready
DEBUG:root:TP4_ python#3303 has connected to Discord!

DEBUG:discord.client:Dispatching event socket_raw_receive
DEBUG:discord.gateway:For Shard ID None: WebSocket Event: {'t': 'MESSAGE_CREATE', 's': 3, 'op': 0, 'd': {'type': 0, 'tts': False, 'timestamp': '2022-06-11T17:25:05.080000+00:00', 'referenced_message': None, 'pinned': False, 'nonce': '985233218816966656', 'mentions': [], 'mention_roles': [], 'mention_everyone': False, 'member': {'roles': [], 'premium_since': None, 'pending': False, 'nick': None, 'mute': False, 'joined_at': '2022-06-11T13:13:22.099000+00:00', 'hoisted_role': None, 'flags': 0, 'deaf': False, 'communication_disabled_until': None, 'avatar': None}, 'id': '985233222868828271', 'flags': 0, 'embeds': [], 'edited_timestamp': None, 'content': '!help', 'components': [], 'channel_id': '985169876324868180', 'author': {'username': 'IchInose_0x3b', 'public_flags': 128, 'id': '360865610348888065', 'discriminator': '3679', 'avatar_decoration': None, 'avatar': 'f02ba70cfbfb1accd4f659a0b2d22b82'}, 'attachments': [], 'guild_id': '985169876324868177'}}
DEBUG:discord.client:Dispatching event socket_response
DEBUG:discord.client:Dispatching event message
DEBUG:root:user IchInose_0x3b#3679 have used !help 

DEBUG:discord.gateway:Keeping shard ID None websocket alive with sequence 3.
DEBUG:discord.client:Dispatching event socket_raw_receive
DEBUG:discord.gateway:For Shard ID None: WebSocket Event: {'t': None, 's': None, 'op': 11, 'd': None}
DEBUG:discord.client:Dispatching event socket_response
INFO:discord.client:Cleaning up tasks.
INFO:discord.client:Cleaning up after 1 tasks.
INFO:discord.client:All tasks finished cancelling.
INFO:discord.client:Closing the event loop.
INFO:discord.client:logging in using static token
DEBUG:discord.http:GET https://discord.com/api/v7/users/@me with None has returned 200
DEBUG:discord.http:GET https://discord.com/api/v7/users/@me has received {'id': '985169327508553738', 'username': 'TP4_ python', 'avatar': None, 'avatar_decoration': None, 'discriminator': '3303', 'public_flags': 0, 'flags': 0, 'bot': True, 'banner': None, 'banner_color': None, 'accent_color': None, 'bio': '', 'pronouns': '', 'locale': 'en-US', 'mfa_enabled': False, 'email': None, 'verified': True}
DEBUG:discord.http:GET https://discord.com/api/v7/gateway with None has returned 200
DEBUG:discord.http:GET https://discord.com/api/v7/gateway has received {'url': 'wss://gateway.discord.gg'}
DEBUG:discord.gateway:Created websocket connected to wss://gateway.discord.gg?encoding=json&v=6&compress=zlib-stream
DEBUG:discord.client:Dispatching event socket_raw_receive
DEBUG:discord.gateway:For Shard ID None: WebSocket Event: {'t': None, 's': None, 'op': 10, 'd': {'heartbeat_interval': 41250, '_trace': ['["gateway-prd-main-rbmn",{"micros":0.0}]']}}
DEBUG:discord.client:Dispatching event socket_response
DEBUG:discord.client:Dispatching event socket_raw_send
DEBUG:discord.client:Dispatching event socket_raw_send
INFO:discord.gateway:Shard ID None has sent the IDENTIFY payload.
DEBUG:discord.client:Dispatching event socket_raw_receive
DEBUG:discord.gateway:For Shard ID None: WebSocket Event: {'t': None, 's': None, 'op': 11, 'd': None}
DEBUG:discord.client:Dispatching event socket_response
DEBUG:discord.client:Dispatching event socket_raw_receive
DEBUG:discord.gateway:For Shard ID None: WebSocket Event: {'t': 'READY', 's': 1, 'op': 0, 'd': {'v': 6, 'user_settings': {}, 'user': {'verified': True, 'username': 'TP4_ python', 'mfa_enabled': False, 'id': '985169327508553738', 'flags': 0, 'email': None, 'discriminator': '3303', 'bot': True, 'avatar': None}, 'session_type': 'normal', 'session_id': '406a2255cf20c5e7c7d6af30ceda0620', 'relationships': [], 'private_channels': [], 'presences': [], 'guilds': [{'unavailable': True, 'id': '985169876324868177'}], 'guild_join_requests': [], 'geo_ordered_rtc_regions': ['rotterdam', 'milan', 'madrid', 'stockholm', 'bucharest'], 'application': {'id': '985169327508553738', 'flags': 262144}, '_trace': ['["gateway-prd-main-rbmn",{"micros":138237,"calls":["discord-sessions-green-prd-2-156",{"micros":136038,"calls":["start_session",{"micros":111654,"calls":["discord-api-768499f95b-gsq5t",{"micros":103976,"calls":["get_user",{"micros":24289},"add_authorized_ip",{"micros":4076},"get_guilds",{"micros":22330},"coros_wait",{"micros":2}]}]},"guilds_connect",{"micros":2,"calls":[]},"presence_connect",{"micros":20115,"calls":[]}]}]}]']}}
DEBUG:discord.client:Dispatching event socket_response
INFO:discord.gateway:Shard ID None has connected to Gateway: ["gateway-prd-main-rbmn",{"micros":138237,"calls":["discord-sessions-green-prd-2-156",{"micros":136038,"calls":["start_session",{"micros":111654,"calls":["discord-api-768499f95b-gsq5t",{"micros":103976,"calls":["get_user",{"micros":24289},"add_authorized_ip",{"micros":4076},"get_guilds",{"micros":22330},"coros_wait",{"micros":2}]}]},"guilds_connect",{"micros":2,"calls":[]},"presence_connect",{"micros":20115,"calls":[]}]}]}] (Session ID: 406a2255cf20c5e7c7d6af30ceda0620).
DEBUG:discord.client:Dispatching event connect
DEBUG:discord.client:Dispatching event socket_raw_receive
DEBUG:discord.gateway:For Shard ID None: WebSocket Event: {'t': 'GUILD_CREATE', 's': 2, 'op': 0, 'd': {'rules_channel_id': None, 'members': [{'user': {'username': 'TP4_ python', 'id': '985169327508553738', 'discriminator': '3303', 'bot': True, 'avatar': None}, 'roles': ['985170012459368469'], 'premium_since': None, 'pending': False, 'nick': None, 'mute': False, 'joined_at': '2022-06-11T13:13:54.569654+00:00', 'hoisted_role': None, 'flags': 0, 'deaf': False, 'communication_disabled_until': None, 'avatar': None}], 'stage_instances': [], 'application_id': None, 'vanity_url_code': None, 'name': 'TP4_python bot', 'voice_states': [], 'emojis': [], 'afk_timeout': 300, 'guild_hashes': {'version': 1, 'roles': {'omitted': False, 'hash': 'bPE5qVrrfVg'}, 'metadata': {'omitted': False, 'hash': '5hRB91JO+UU'}, 'channels': {'omitted': False, 'hash': 'fpNVw6XQOIE'}}, 'explicit_content_filter': 0, 'unavailable': False, 'default_message_notifications': 0, 'features': [], 'nsfw': False, 'guild_scheduled_events': [], 'owner_id': '360865610348888065', 'icon': None, 'premium_subscription_count': 0, 'afk_channel_id': None, 'premium_tier': 0, 'joined_at': '2022-06-11T13:13:54.569654+00:00', 'lazy': True, 'application_command_counts': {}, 'nsfw_level': 0, 'banner': None, 'premium_progress_bar_enabled': False, 'threads': [], 'max_members': 500000, 'splash': None, 'channels': [{'type': 4, 'position': 0, 'permission_overwrites': [], 'name': 'Text Channels', 'id': '985169876324868178', 'flags': 0}, {'type': 4, 'position': 0, 'permission_overwrites': [], 'name': 'Voice Channels', 'id': '985169876324868179', 'flags': 0}, {'type': 0, 'topic': None, 'rate_limit_per_user': 0, 'position': 0, 'permission_overwrites': [], 'parent_id': '985169876324868178', 'name': 'general', 'last_message_id': '985233222868828271', 'id': '985169876324868180', 'flags': 0}, {'user_limit': 0, 'type': 2, 'rtc_region': None, 'rate_limit_per_user': 0, 'position': 0, 'permission_overwrites': [], 'parent_id': '985169876324868179', 'name': 'General', 'last_message_id': None, 'id': '985169876324868181', 'flags': 0, 'bitrate': 64000}], 'presences': [], 'discovery_splash': None, 'system_channel_flags': 0, 'id': '985169876324868177', 'region': 'deprecated', 'description': None, 'hub_type': None, 'verification_level': 0, 'member_count': 2, 'max_video_channel_users': 25, 'embedded_activities': [], 'large': False, 'preferred_locale': 'en-US', 'public_updates_channel_id': None, 'roles': [{'unicode_emoji': None, 'tags': {}, 'position': 0, 'permissions_new': '1071698660929', 'permissions': 104320577, 'name': '@everyone', 'mentionable': False, 'managed': False, 'id': '985169876324868177', 'icon': None, 'hoist': False, 'flags': 0, 'color': 0}, {'unicode_emoji': None, 'tags': {'bot_id': '985169327508553738'}, 'position': 1, 'permissions_new': '8', 'permissions': 8, 'name': 'TP4_ python', 'mentionable': False, 'managed': True, 'id': '985170012459368469', 'icon': None, 'hoist': False, 'flags': 0, 'color': 0}], 'system_channel_id': '985169876324868180', 'stickers': [], 'mfa_level': 0}}
DEBUG:discord.client:Dispatching event socket_response
DEBUG:discord.client:Dispatching event guild_available
DEBUG:discord.client:Dispatching event ready
DEBUG:root:TP4_ python#3303 has connected to Discord!

DEBUG:discord.client:Dispatching event socket_raw_receive
DEBUG:discord.gateway:For Shard ID None: WebSocket Event: {'t': 'MESSAGE_CREATE', 's': 3, 'op': 0, 'd': {'type': 0, 'tts': False, 'timestamp': '2022-06-11T17:25:53.471000+00:00', 'referenced_message': None, 'pinned': False, 'nonce': '985233421758365696', 'mentions': [], 'mention_roles': [], 'mention_everyone': False, 'member': {'roles': [], 'premium_since': None, 'pending': False, 'nick': None, 'mute': False, 'joined_at': '2022-06-11T13:13:22.099000+00:00', 'hoisted_role': None, 'flags': 0, 'deaf': False, 'communication_disabled_until': None, 'avatar': None}, 'id': '985233425835376640', 'flags': 0, 'embeds': [], 'edited_timestamp': None, 'content': '!help', 'components': [], 'channel_id': '985169876324868180', 'author': {'username': 'IchInose_0x3b', 'public_flags': 128, 'id': '360865610348888065', 'discriminator': '3679', 'avatar_decoration': None, 'avatar': 'f02ba70cfbfb1accd4f659a0b2d22b82'}, 'attachments': [], 'guild_id': '985169876324868177'}}
DEBUG:discord.client:Dispatching event socket_response
DEBUG:discord.client:Dispatching event message
DEBUG:root:user IchInose_0x3b#3679 have used !help 

DEBUG:discord.gateway:Keeping shard ID None websocket alive with sequence 3.
DEBUG:discord.client:Dispatching event socket_raw_receive
DEBUG:discord.gateway:For Shard ID None: WebSocket Event: {'t': None, 's': None, 'op': 11, 'd': None}
DEBUG:discord.client:Dispatching event socket_response
INFO:discord.client:Cleaning up tasks.
INFO:discord.client:Cleaning up after 1 tasks.
INFO:discord.client:All tasks finished cancelling.
INFO:discord.client:Closing the event loop.
INFO:discord.client:logging in using static token
DEBUG:discord.http:GET https://discord.com/api/v7/users/@me with None has returned 200
DEBUG:discord.http:GET https://discord.com/api/v7/users/@me has received {'id': '985169327508553738', 'username': 'TP4_ python', 'avatar': None, 'avatar_decoration': None, 'discriminator': '3303', 'public_flags': 0, 'flags': 0, 'bot': True, 'banner': None, 'banner_color': None, 'accent_color': None, 'bio': '', 'pronouns': '', 'locale': 'en-US', 'mfa_enabled': False, 'email': None, 'verified': True}
DEBUG:discord.http:GET https://discord.com/api/v7/gateway with None has returned 200
DEBUG:discord.http:GET https://discord.com/api/v7/gateway has received {'url': 'wss://gateway.discord.gg'}
DEBUG:discord.gateway:Created websocket connected to wss://gateway.discord.gg?encoding=json&v=6&compress=zlib-stream
DEBUG:discord.client:Dispatching event socket_raw_receive
DEBUG:discord.gateway:For Shard ID None: WebSocket Event: {'t': None, 's': None, 'op': 10, 'd': {'heartbeat_interval': 41250, '_trace': ['["gateway-prd-main-tm79",{"micros":0.0}]']}}
DEBUG:discord.client:Dispatching event socket_response
DEBUG:discord.client:Dispatching event socket_raw_send
DEBUG:discord.client:Dispatching event socket_raw_send
INFO:discord.gateway:Shard ID None has sent the IDENTIFY payload.
DEBUG:discord.client:Dispatching event socket_raw_receive
DEBUG:discord.gateway:For Shard ID None: WebSocket Event: {'t': None, 's': None, 'op': 11, 'd': None}
DEBUG:discord.client:Dispatching event socket_response
DEBUG:discord.client:Dispatching event socket_raw_receive
DEBUG:discord.gateway:For Shard ID None: WebSocket Event: {'t': 'READY', 's': 1, 'op': 0, 'd': {'v': 6, 'user_settings': {}, 'user': {'verified': True, 'username': 'TP4_ python', 'mfa_enabled': False, 'id': '985169327508553738', 'flags': 0, 'email': None, 'discriminator': '3303', 'bot': True, 'avatar': None}, 'session_type': 'normal', 'session_id': '1fdd5a648a44b6a88f16f0ea949c0976', 'relationships': [], 'private_channels': [], 'presences': [], 'guilds': [{'unavailable': True, 'id': '985169876324868177'}], 'guild_join_requests': [], 'geo_ordered_rtc_regions': ['rotterdam', 'milan', 'madrid', 'stockholm', 'bucharest'], 'application': {'id': '985169327508553738', 'flags': 262144}, '_trace': ['["gateway-prd-main-tm79",{"micros":84683,"calls":["discord-sessions-green-prd-2-153",{"micros":83327,"calls":["start_session",{"micros":74410,"calls":["discord-api-768499f95b-8znz9",{"micros":67546,"calls":["get_user",{"micros":10760},"add_authorized_ip",{"micros":1799},"get_guilds",{"micros":9389},"coros_wait",{"micros":2}]}]},"guilds_connect",{"micros":2,"calls":[]},"presence_connect",{"micros":6205,"calls":[]}]}]}]']}}
DEBUG:discord.client:Dispatching event socket_response
INFO:discord.gateway:Shard ID None has connected to Gateway: ["gateway-prd-main-tm79",{"micros":84683,"calls":["discord-sessions-green-prd-2-153",{"micros":83327,"calls":["start_session",{"micros":74410,"calls":["discord-api-768499f95b-8znz9",{"micros":67546,"calls":["get_user",{"micros":10760},"add_authorized_ip",{"micros":1799},"get_guilds",{"micros":9389},"coros_wait",{"micros":2}]}]},"guilds_connect",{"micros":2,"calls":[]},"presence_connect",{"micros":6205,"calls":[]}]}]}] (Session ID: 1fdd5a648a44b6a88f16f0ea949c0976).
DEBUG:discord.client:Dispatching event connect
DEBUG:discord.client:Dispatching event socket_raw_receive
DEBUG:discord.gateway:For Shard ID None: WebSocket Event: {'t': 'GUILD_CREATE', 's': 2, 'op': 0, 'd': {'lazy': True, 'name': 'TP4_python bot', 'stage_instances': [], 'members': [{'user': {'username': 'TP4_ python', 'id': '985169327508553738', 'discriminator': '3303', 'bot': True, 'avatar': None}, 'roles': ['985170012459368469'], 'premium_since': None, 'pending': False, 'nick': None, 'mute': False, 'joined_at': '2022-06-11T13:13:54.569654+00:00', 'hoisted_role': None, 'flags': 0, 'deaf': False, 'communication_disabled_until': None, 'avatar': None}], 'roles': [{'unicode_emoji': None, 'tags': {}, 'position': 0, 'permissions_new': '1071698660929', 'permissions': 104320577, 'name': '@everyone', 'mentionable': False, 'managed': False, 'id': '985169876324868177', 'icon': None, 'hoist': False, 'flags': 0, 'color': 0}, {'unicode_emoji': None, 'tags': {'bot_id': '985169327508553738'}, 'position': 1, 'permissions_new': '8', 'permissions': 8, 'name': 'TP4_ python', 'mentionable': False, 'managed': True, 'id': '985170012459368469', 'icon': None, 'hoist': False, 'flags': 0, 'color': 0}], 'hub_type': None, 'afk_channel_id': None, 'guild_hashes': {'version': 1, 'roles': {'omitted': False, 'hash': 'bPE5qVrrfVg'}, 'metadata': {'omitted': False, 'hash': '5hRB91JO+UU'}, 'channels': {'omitted': False, 'hash': 'fpNVw6XQOIE'}}, 'discovery_splash': None, 'member_count': 2, 'large': False, 'emojis': [], 'splash': None, 'system_channel_flags': 0, 'stickers': [], 'presences': [], 'channels': [{'type': 4, 'position': 0, 'permission_overwrites': [], 'name': 'Text Channels', 'id': '985169876324868178', 'flags': 0}, {'type': 4, 'position': 0, 'permission_overwrites': [], 'name': 'Voice Channels', 'id': '985169876324868179', 'flags': 0}, {'type': 0, 'topic': None, 'rate_limit_per_user': 0, 'position': 0, 'permission_overwrites': [], 'parent_id': '985169876324868178', 'name': 'general', 'last_message_id': '985233425835376640', 'id': '985169876324868180', 'flags': 0}, {'user_limit': 0, 'type': 2, 'rtc_region': None, 'rate_limit_per_user': 0, 'position': 0, 'permission_overwrites': [], 'parent_id': '985169876324868179', 'name': 'General', 'last_message_id': None, 'id': '985169876324868181', 'flags': 0, 'bitrate': 64000}], 'premium_progress_bar_enabled': False, 'voice_states': [], 'max_members': 500000, 'rules_channel_id': None, 'default_message_notifications': 0, 'premium_tier': 0, 'threads': [], 'system_channel_id': '985169876324868180', 'banner': None, 'vanity_url_code': None, 'nsfw': False, 'id': '985169876324868177', 'region': 'deprecated', 'description': None, 'premium_subscription_count': 0, 'preferred_locale': 'en-US', 'joined_at': '2022-06-11T13:13:54.569654+00:00', 'mfa_level': 0, 'verification_level': 0, 'public_updates_channel_id': None, 'afk_timeout': 300, 'application_command_counts': {}, 'application_id': None, 'icon': None, 'guild_scheduled_events': [], 'owner_id': '360865610348888065', 'explicit_content_filter': 0, 'nsfw_level': 0, 'max_video_channel_users': 25, 'unavailable': False, 'embedded_activities': [], 'features': []}}
DEBUG:discord.client:Dispatching event socket_response
DEBUG:discord.client:Dispatching event guild_available
DEBUG:discord.client:Dispatching event ready
DEBUG:root:TP4_ python#3303 has connected to Discord!

DEBUG:discord.client:Dispatching event socket_raw_receive
DEBUG:discord.gateway:For Shard ID None: WebSocket Event: {'t': 'MESSAGE_CREATE', 's': 3, 'op': 0, 'd': {'type': 0, 'tts': False, 'timestamp': '2022-06-11T17:26:51.014000+00:00', 'referenced_message': None, 'pinned': False, 'nonce': '985233662930845696', 'mentions': [], 'mention_roles': [], 'mention_everyone': False, 'member': {'roles': [], 'premium_since': None, 'pending': False, 'nick': None, 'mute': False, 'joined_at': '2022-06-11T13:13:22.099000+00:00', 'hoisted_role': None, 'flags': 0, 'deaf': False, 'communication_disabled_until': None, 'avatar': None}, 'id': '985233667188219975', 'flags': 0, 'embeds': [], 'edited_timestamp': None, 'content': '!help', 'components': [], 'channel_id': '985169876324868180', 'author': {'username': 'IchInose_0x3b', 'public_flags': 128, 'id': '360865610348888065', 'discriminator': '3679', 'avatar_decoration': None, 'avatar': 'f02ba70cfbfb1accd4f659a0b2d22b82'}, 'attachments': [], 'guild_id': '985169876324868177'}}
DEBUG:discord.client:Dispatching event socket_response
DEBUG:discord.client:Dispatching event message
DEBUG:root:user IchInose_0x3b#3679 have used !help 

INFO:discord.client:Cleaning up tasks.
INFO:discord.client:Cleaning up after 1 tasks.
INFO:discord.client:All tasks finished cancelling.
INFO:discord.client:Closing the event loop.
INFO:discord.client:logging in using static token
DEBUG:discord.http:GET https://discord.com/api/v7/users/@me with None has returned 200
DEBUG:discord.http:GET https://discord.com/api/v7/users/@me has received {'id': '985169327508553738', 'username': 'TP4_ python', 'avatar': None, 'avatar_decoration': None, 'discriminator': '3303', 'public_flags': 0, 'flags': 0, 'bot': True, 'banner': None, 'banner_color': None, 'accent_color': None, 'bio': '', 'pronouns': '', 'locale': 'en-US', 'mfa_enabled': False, 'email': None, 'verified': True}
DEBUG:discord.http:GET https://discord.com/api/v7/gateway with None has returned 200
DEBUG:discord.http:GET https://discord.com/api/v7/gateway has received {'url': 'wss://gateway.discord.gg'}
DEBUG:discord.gateway:Created websocket connected to wss://gateway.discord.gg?encoding=json&v=6&compress=zlib-stream
DEBUG:discord.client:Dispatching event socket_raw_receive
DEBUG:discord.gateway:For Shard ID None: WebSocket Event: {'t': None, 's': None, 'op': 10, 'd': {'heartbeat_interval': 41250, '_trace': ['["gateway-prd-main-dnd0",{"micros":0.0}]']}}
DEBUG:discord.client:Dispatching event socket_response
DEBUG:discord.client:Dispatching event socket_raw_send
DEBUG:discord.client:Dispatching event socket_raw_send
INFO:discord.gateway:Shard ID None has sent the IDENTIFY payload.
DEBUG:discord.client:Dispatching event socket_raw_receive
DEBUG:discord.gateway:For Shard ID None: WebSocket Event: {'t': None, 's': None, 'op': 11, 'd': None}
DEBUG:discord.client:Dispatching event socket_response
DEBUG:discord.client:Dispatching event socket_raw_receive
DEBUG:discord.gateway:For Shard ID None: WebSocket Event: {'t': 'READY', 's': 1, 'op': 0, 'd': {'v': 6, 'user_settings': {}, 'user': {'verified': True, 'username': 'TP4_ python', 'mfa_enabled': False, 'id': '985169327508553738', 'flags': 0, 'email': None, 'discriminator': '3303', 'bot': True, 'avatar': None}, 'session_type': 'normal', 'session_id': '9cb7f6a498d26f2be7359b6a406e546c', 'relationships': [], 'private_channels': [], 'presences': [], 'guilds': [{'unavailable': True, 'id': '985169876324868177'}], 'guild_join_requests': [], 'geo_ordered_rtc_regions': ['rotterdam', 'milan', 'madrid', 'stockholm', 'bucharest'], 'application': {'id': '985169327508553738', 'flags': 262144}, '_trace': ['["gateway-prd-main-dnd0",{"micros":107396,"calls":["discord-sessions-green-prd-2-59",{"micros":104364,"calls":["start_session",{"micros":89238,"calls":["discord-api-768499f95b-z52zm",{"micros":83456,"calls":["get_user",{"micros":26372},"add_authorized_ip",{"micros":2665},"get_guilds",{"micros":10295},"coros_wait",{"micros":1}]}]},"guilds_connect",{"micros":1,"calls":[]},"presence_connect",{"micros":8318,"calls":[]}]}]}]']}}
DEBUG:discord.client:Dispatching event socket_response
INFO:discord.gateway:Shard ID None has connected to Gateway: ["gateway-prd-main-dnd0",{"micros":107396,"calls":["discord-sessions-green-prd-2-59",{"micros":104364,"calls":["start_session",{"micros":89238,"calls":["discord-api-768499f95b-z52zm",{"micros":83456,"calls":["get_user",{"micros":26372},"add_authorized_ip",{"micros":2665},"get_guilds",{"micros":10295},"coros_wait",{"micros":1}]}]},"guilds_connect",{"micros":1,"calls":[]},"presence_connect",{"micros":8318,"calls":[]}]}]}] (Session ID: 9cb7f6a498d26f2be7359b6a406e546c).
DEBUG:discord.client:Dispatching event connect
DEBUG:discord.client:Dispatching event socket_raw_receive
DEBUG:discord.gateway:For Shard ID None: WebSocket Event: {'t': 'GUILD_CREATE', 's': 2, 'op': 0, 'd': {'verification_level': 0, 'name': 'TP4_python bot', 'member_count': 2, 'rules_channel_id': None, 'mfa_level': 0, 'presences': [], 'banner': None, 'guild_scheduled_events': [], 'vanity_url_code': None, 'region': 'deprecated', 'afk_timeout': 300, 'system_channel_flags': 0, 'members': [{'user': {'username': 'TP4_ python', 'id': '985169327508553738', 'discriminator': '3303', 'bot': True, 'avatar': None}, 'roles': ['985170012459368469'], 'premium_since': None, 'pending': False, 'nick': None, 'mute': False, 'joined_at': '2022-06-11T13:13:54.569654+00:00', 'hoisted_role': None, 'flags': 0, 'deaf': False, 'communication_disabled_until': None, 'avatar': None}], 'large': False, 'discovery_splash': None, 'joined_at': '2022-06-11T13:13:54.569654+00:00', 'unavailable': False, 'premium_subscription_count': 0, 'max_members': 500000, 'application_command_counts': {}, 'features': [], 'stage_instances': [], 'lazy': True, 'threads': [], 'voice_states': [], 'icon': None, 'system_channel_id': '985169876324868180', 'application_id': None, 'splash': None, 'stickers': [], 'id': '985169876324868177', 'description': None, 'embedded_activities': [], 'premium_tier': 0, 'premium_progress_bar_enabled': False, 'explicit_content_filter': 0, 'owner_id': '360865610348888065', 'public_updates_channel_id': None, 'default_message_notifications': 0, 'emojis': [], 'nsfw': False, 'preferred_locale': 'en-US', 'hub_type': None, 'nsfw_level': 0, 'afk_channel_id': None, 'roles': [{'unicode_emoji': None, 'tags': {}, 'position': 0, 'permissions_new': '1071698660929', 'permissions': 104320577, 'name': '@everyone', 'mentionable': False, 'managed': False, 'id': '985169876324868177', 'icon': None, 'hoist': False, 'flags': 0, 'color': 0}, {'unicode_emoji': None, 'tags': {'bot_id': '985169327508553738'}, 'position': 1, 'permissions_new': '8', 'permissions': 8, 'name': 'TP4_ python', 'mentionable': False, 'managed': True, 'id': '985170012459368469', 'icon': None, 'hoist': False, 'flags': 0, 'color': 0}], 'max_video_channel_users': 25, 'guild_hashes': {'version': 1, 'roles': {'omitted': False, 'hash': 'bPE5qVrrfVg'}, 'metadata': {'omitted': False, 'hash': '5hRB91JO+UU'}, 'channels': {'omitted': False, 'hash': 'fpNVw6XQOIE'}}, 'channels': [{'type': 4, 'position': 0, 'permission_overwrites': [], 'name': 'Text Channels', 'id': '985169876324868178', 'flags': 0}, {'type': 4, 'position': 0, 'permission_overwrites': [], 'name': 'Voice Channels', 'id': '985169876324868179', 'flags': 0}, {'type': 0, 'topic': None, 'rate_limit_per_user': 0, 'position': 0, 'permission_overwrites': [], 'parent_id': '985169876324868178', 'name': 'general', 'last_message_id': '985233667188219975', 'id': '985169876324868180', 'flags': 0}, {'user_limit': 0, 'type': 2, 'rtc_region': None, 'rate_limit_per_user': 0, 'position': 0, 'permission_overwrites': [], 'parent_id': '985169876324868179', 'name': 'General', 'last_message_id': None, 'id': '985169876324868181', 'flags': 0, 'bitrate': 64000}]}}
DEBUG:discord.client:Dispatching event socket_response
DEBUG:discord.client:Dispatching event guild_available
DEBUG:discord.client:Dispatching event ready
DEBUG:root:TP4_ python#3303 has connected to Discord!

DEBUG:discord.client:Dispatching event socket_raw_receive
DEBUG:discord.gateway:For Shard ID None: WebSocket Event: {'t': 'MESSAGE_CREATE', 's': 3, 'op': 0, 'd': {'type': 0, 'tts': False, 'timestamp': '2022-06-11T18:19:13.652000+00:00', 'referenced_message': None, 'pinned': False, 'nonce': '985246843988344832', 'mentions': [], 'mention_roles': [], 'mention_everyone': False, 'member': {'roles': [], 'premium_since': None, 'pending': False, 'nick': None, 'mute': False, 'joined_at': '2022-06-11T13:13:22.099000+00:00', 'hoisted_role': None, 'flags': 0, 'deaf': False, 'communication_disabled_until': None, 'avatar': None}, 'id': '985246848367341588', 'flags': 0, 'embeds': [], 'edited_timestamp': None, 'content': '!help', 'components': [], 'channel_id': '985169876324868180', 'author': {'username': 'IchInose_0x3b', 'public_flags': 128, 'id': '360865610348888065', 'discriminator': '3679', 'avatar_decoration': None, 'avatar': 'f02ba70cfbfb1accd4f659a0b2d22b82'}, 'attachments': [], 'guild_id': '985169876324868177'}}
DEBUG:discord.client:Dispatching event socket_response
DEBUG:discord.client:Dispatching event message
DEBUG:root:user IchInose_0x3b#3679 have used !help 

DEBUG:discord.client:Dispatching event socket_raw_receive
DEBUG:discord.gateway:For Shard ID None: WebSocket Event: {'t': 'MESSAGE_CREATE', 's': 4, 'op': 0, 'd': {'type': 0, 'tts': False, 'timestamp': '2022-06-11T18:19:13.818000+00:00', 'referenced_message': None, 'pinned': False, 'mentions': [], 'mention_roles': [], 'mention_everyone': False, 'member': {'roles': ['985170012459368469'], 'premium_since': None, 'pending': False, 'nick': None, 'mute': False, 'joined_at': '2022-06-11T13:13:54.569654+00:00', 'hoisted_role': None, 'flags': 0, 'deaf': False, 'communication_disabled_until': None, 'avatar': None}, 'id': '985246849063600178', 'flags': 0, 'embeds': [], 'edited_timestamp': None, 'content': 'Voici votre aide ! \n !help -> aide\n !rida -> information sur le crateur', 'components': [], 'channel_id': '985169876324868180', 'author': {'username': 'TP4_ python', 'public_flags': 0, 'id': '985169327508553738', 'discriminator': '3303', 'bot': True, 'avatar_decoration': None, 'avatar': None}, 'attachments': [], 'guild_id': '985169876324868177'}}
DEBUG:discord.client:Dispatching event socket_response
DEBUG:discord.client:Dispatching event message
DEBUG:root:user TP4_ python#3303 have used Voici 

DEBUG:discord.http:POST https://discord.com/api/v7/channels/985169876324868180/messages with {"content":"Voici votre aide ! \n !help -> aide\n !rida -> information sur le crateur "} has returned 200
DEBUG:discord.http:POST https://discord.com/api/v7/channels/985169876324868180/messages has received {'id': '985246849063600178', 'type': 0, 'content': 'Voici votre aide ! \n !help -> aide\n !rida -> information sur le crateur', 'channel_id': '985169876324868180', 'author': {'id': '985169327508553738', 'username': 'TP4_ python', 'avatar': None, 'avatar_decoration': None, 'discriminator': '3303', 'public_flags': 0, 'bot': True}, 'attachments': [], 'embeds': [], 'mentions': [], 'mention_roles': [], 'pinned': False, 'mention_everyone': False, 'tts': False, 'timestamp': '2022-06-11T18:19:13.818000+00:00', 'edited_timestamp': None, 'flags': 0, 'components': [], 'referenced_message': None}
DEBUG:discord.gateway:Keeping shard ID None websocket alive with sequence 4.
DEBUG:discord.client:Dispatching event socket_raw_receive
DEBUG:discord.gateway:For Shard ID None: WebSocket Event: {'t': None, 's': None, 'op': 11, 'd': None}
DEBUG:discord.client:Dispatching event socket_response
DEBUG:discord.gateway:Keeping shard ID None websocket alive with sequence 4.
DEBUG:discord.client:Dispatching event socket_raw_receive
DEBUG:discord.gateway:For Shard ID None: WebSocket Event: {'t': None, 's': None, 'op': 11, 'd': None}
DEBUG:discord.client:Dispatching event socket_response
INFO:discord.client:Cleaning up tasks.
INFO:discord.client:Cleaning up after 1 tasks.
INFO:discord.client:All tasks finished cancelling.
INFO:discord.client:Closing the event loop.
